<?xml version="1.0" encoding="UTF-8"?>
<!-- Generated by org.testng.reporters.JUnitReportReporter -->
<testsuite skipped="1" hostname="LAPTOP-JS1ND5UI" name="org.selenium.testcases.LoginAndLogout1" tests="1" failures="0" timestamp="06 Jan 2020 18:05:16 GMT" time="0.000" errors="0">
  <testcase name="doLoginAndLogout" time="0.000" classname="org.selenium.testcases.LoginAndLogout1">
    <skipped/>
  </testcase> <!-- doLoginAndLogout -->
</testsuite> <!-- org.selenium.testcases.LoginAndLogout1 -->
