<?xml version="1.0" encoding="UTF-8"?>
<!-- Generated by org.testng.reporters.JUnitReportReporter -->
<testsuite skipped="0" hostname="LAPTOP-HAGVT14E" name="advancedselenium.DataProviderWithoutUsingMap" tests="5" failures="0" timestamp="14 May 2022 15:53:30 GMT" time="0.009" errors="0">
  <testcase name="getData" time="0.001" classname="advancedselenium.DataProviderWithoutUsingMap"/>
  <testcase name="getData" time="0.001" classname="advancedselenium.DataProviderWithoutUsingMap"/>
  <testcase name="getData" time="0.001" classname="advancedselenium.DataProviderWithoutUsingMap"/>
  <testcase name="getData" time="0.001" classname="advancedselenium.DataProviderWithoutUsingMap"/>
  <testcase name="getData" time="0.005" classname="advancedselenium.DataProviderWithoutUsingMap"/>
</testsuite> <!-- advancedselenium.DataProviderWithoutUsingMap -->
