<?xml version="1.0" encoding="UTF-8"?>
<!-- Generated by org.testng.reporters.JUnitReportReporter -->
<testsuite skipped="0" hostname="LAPTOP-HAGVT14E" name="org.selenium.testcases.LoginAndLogout" tests="2" failures="0" timestamp="30 Jun 2021 10:59:55 GMT" time="4.985" errors="0">
  <testcase name="doLoginAndLogout" time="4.393" classname="org.selenium.testcases.LoginAndLogout"/>
  <testcase name="doLoginAndLogout" time="0.592" classname="org.selenium.testcases.LoginAndLogout"/>
</testsuite> <!-- org.selenium.testcases.LoginAndLogout -->
