<?xml version="1.0" encoding="UTF-8"?>
<!-- Generated by org.testng.reporters.JUnitReportReporter -->
<testsuite skipped="0" hostname="LAPTOP-HAGVT14E" name="advancedselenium.DataProviderWithUsingMap" tests="5" failures="0" timestamp="14 May 2022 16:14:57 GMT" time="0.015" errors="0">
  <testcase name="getDataUsingMap" time="0.001" classname="advancedselenium.DataProviderWithUsingMap"/>
  <testcase name="getDataUsingMap" time="0.002" classname="advancedselenium.DataProviderWithUsingMap"/>
  <testcase name="getDataUsingMap" time="0.001" classname="advancedselenium.DataProviderWithUsingMap"/>
  <testcase name="getDataUsingMap" time="0.002" classname="advancedselenium.DataProviderWithUsingMap"/>
  <testcase name="getDataUsingMap" time="0.009" classname="advancedselenium.DataProviderWithUsingMap"/>
</testsuite> <!-- advancedselenium.DataProviderWithUsingMap -->
