<?xml version="1.0" encoding="UTF-8"?>
<!-- Generated by org.testng.reporters.JUnitReportReporter -->
<testsuite skipped="0" hostname="LAPTOP-HAGVT14E" name="org.selenium.testcases.CreateAccounts" tests="2" failures="0" timestamp="30 Jun 2021 10:59:55 GMT" time="4.945" errors="1">
  <testcase name="createNewAccountInTestLeaf" time="4.330" classname="org.selenium.testcases.CreateAccounts">
    <error type="java.lang.NullPointerException">
      <![CDATA[java.lang.NullPointerException
at com.aventstack.extentreports.ExtentTest.log(ExtentTest.java:303)
at com.aventstack.extentreports.ExtentTest.fail(ExtentTest.java:601)
at org.selenium.utils.Reporter.reportStep(Reporter.java:96)
at org.selenium.utils.Reporter.reportStep(Reporter.java:69)
at org.selenium.base.SeMethods.locateElement(SeMethods.java:428)
at org.selenium.pages.LoginPage.enterUserName(LoginPage.java:12)
at org.selenium.testcases.CreateAccounts.createNewAccountInTestLeaf(CreateAccounts.java:27)
at sun.reflect.NativeMethodAccessorImpl.invoke0(Native Method)
at sun.reflect.NativeMethodAccessorImpl.invoke(Unknown Source)
at sun.reflect.DelegatingMethodAccessorImpl.invoke(Unknown Source)
at java.lang.reflect.Method.invoke(Unknown Source)
at org.testng.internal.MethodInvocationHelper.invokeMethod(MethodInvocationHelper.java:124)
at org.testng.internal.Invoker.invokeMethod(Invoker.java:583)
at org.testng.internal.Invoker.invokeTestMethod(Invoker.java:719)
at org.testng.internal.Invoker.invokeTestMethods(Invoker.java:989)
at org.testng.internal.TestMethodWorker.invokeTestMethods(TestMethodWorker.java:125)
at org.testng.internal.TestMethodWorker.run(TestMethodWorker.java:109)
at java.util.concurrent.ThreadPoolExecutor.runWorker(Unknown Source)
at java.util.concurrent.ThreadPoolExecutor$Worker.run(Unknown Source)
at java.lang.Thread.run(Unknown Source)
]]>
    </error>
  </testcase> <!-- createNewAccountInTestLeaf -->
  <testcase name="createNewAccountInTestLeaf" time="0.615" classname="org.selenium.testcases.CreateAccounts"/>
</testsuite> <!-- org.selenium.testcases.CreateAccounts -->
