<?xml version="1.0" encoding="UTF-8"?>
<!-- Generated by org.testng.reporters.JUnitReportReporter -->
<testsuite skipped="0" hostname="LAPTOP-JS1ND5UI" name="org.selenium.testcases.LoginAndLogoutFirst" tests="2" failures="0" timestamp="12 Jan 2020 14:15:52 GMT" time="33.788" errors="0">
  <testcase name="doLoginAndLogout" time="17.221" classname="org.selenium.testcases.LoginAndLogoutFirst"/>
  <testcase name="doLoginAndLogout" time="16.567" classname="org.selenium.testcases.LoginAndLogoutFirst"/>
</testsuite> <!-- org.selenium.testcases.LoginAndLogoutFirst -->
