<?xml version="1.0" encoding="UTF-8"?>
<!-- Generated by org.testng.reporters.JUnitReportReporter -->
<testsuite skipped="0" hostname="LAPTOP-HAGVT14E" name="advancedselenium.DataProviderUsingMap" tests="5" failures="0" timestamp="14 May 2022 16:24:07 GMT" time="0.016" errors="0">
  <testcase name="getDataUsingMap" time="0.002" classname="advancedselenium.DataProviderUsingMap"/>
  <testcase name="getDataUsingMap" time="0.002" classname="advancedselenium.DataProviderUsingMap"/>
  <testcase name="getDataUsingMap" time="0.001" classname="advancedselenium.DataProviderUsingMap"/>
  <testcase name="getDataUsingMap" time="0.002" classname="advancedselenium.DataProviderUsingMap"/>
  <testcase name="getDataUsingMap" time="0.009" classname="advancedselenium.DataProviderUsingMap"/>
</testsuite> <!-- advancedselenium.DataProviderUsingMap -->
